<?xml version="1.0" encoding="UTF-8"?>
<testng-results skipped="0" failed="0" total="2" passed="2">
  <reporter-output>
  </reporter-output>
  <suite name="Suite" duration-ms="94942" started-at="2017-12-10T13:17:57Z" finished-at="2017-12-10T13:19:32Z">
    <groups>
    </groups>
    <test name="Test" duration-ms="94942" started-at="2017-12-10T13:17:57Z" finished-at="2017-12-10T13:19:32Z">
      <class name="com.FloowDrive.AppiumTests">
        <test-method status="PASS" signature="setUp()[pri:0, instance:com.FloowDrive.AppiumTests@4f933fd1]" name="setUp" is-config="true" duration-ms="58472" started-at="2017-12-10T13:17:57Z" finished-at="2017-12-10T13:18:56Z">
          <reporter-output>
          </reporter-output>
        </test-method> <!-- setUp -->
        <test-method status="PASS" signature="verifyTermsAndConditionsButton()[pri:0, instance:com.FloowDrive.AppiumTests@4f933fd1]" name="verifyTermsAndConditionsButton" duration-ms="2357" started-at="2017-12-10T13:18:56Z" finished-at="2017-12-10T13:18:58Z">
          <reporter-output>
          </reporter-output>
        </test-method> <!-- verifyTermsAndConditionsButton -->
        <test-method status="PASS" signature="verifyLoginFunctionalityWithInvalidCredentials()[pri:0, instance:com.FloowDrive.AppiumTests@4f933fd1]" name="verifyLoginFunctionalityWithInvalidCredentials" duration-ms="28762" started-at="2017-12-10T13:18:58Z" finished-at="2017-12-10T13:19:27Z">
          <reporter-output>
          </reporter-output>
        </test-method> <!-- verifyLoginFunctionalityWithInvalidCredentials -->
        <test-method status="PASS" signature="tearDown()[pri:0, instance:com.FloowDrive.AppiumTests@4f933fd1]" name="tearDown" is-config="true" duration-ms="5296" started-at="2017-12-10T13:19:27Z" finished-at="2017-12-10T13:19:32Z">
          <reporter-output>
          </reporter-output>
        </test-method> <!-- tearDown -->
      </class> <!-- com.FloowDrive.AppiumTests -->
    </test> <!-- Test -->
  </suite> <!-- Suite -->
</testng-results>
